  Building Custom Rule C:/Users/Jack/Downloads/pcre2-10.31/CMakeLists.txt
  CMake does not need to re-run because C:/Users/Jack/Downloads/pcre2-10.31/build/CMakeFiles/generate.stamp is up-to-date.
  pcre2_auto_possess.c
  pcre2_chartables.c
  pcre2_compile.c
  pcre2_config.c
  pcre2_context.c
  pcre2_convert.c
  pcre2_dfa_match.c
  pcre2_error.c
  pcre2_extuni.c
  pcre2_find_bracket.c
  pcre2_jit_compile.c
  pcre2_maketables.c
  pcre2_match.c
  pcre2_match_data.c
  pcre2_newline.c
  pcre2_ord2utf.c
  pcre2_pattern_info.c
  pcre2_serialize.c
  pcre2_string_utils.c
  pcre2_study.c
  Generating Code...
  Compiling...
  pcre2_substitute.c
  pcre2_substring.c
  pcre2_tables.c
  pcre2_ucd.c
  pcre2_valid_utf.c
  pcre2_xclass.c
  Generating Code...
     Creating library C:/Users/Jack/Downloads/pcre2-10.31/build/Release/pcre2-8.lib and object C:/Users/Jack/Downloads/pcre2-10.31/build/Release/pcre2-8.exp
  pcre2-8.vcxproj -> C:\Users\Jack\Downloads\pcre2-10.31\build\Release\pcre2-8.dll
